c:\users\natha\riderprojects\opengl\x64\debug\vc143.pdb
c:\users\natha\riderprojects\opengl\x64\debug\vc143.idb
c:\users\natha\riderprojects\opengl\x64\debug\opengl.obj
c:\users\natha\riderprojects\opengl\x64\debug\game.obj
c:\users\natha\desktop\repositories\opengl\x64\debug\vc143.pdb
c:\users\natha\desktop\repositories\opengl\x64\debug\vc143.idb
c:\users\natha\desktop\repositories\opengl\x64\debug\glad.obj
c:\users\natha\desktop\repositories\opengl\x64\debug\camera.obj
c:\users\natha\desktop\repositories\opengl\x64\debug\shader.obj
c:\users\natha\desktop\repositories\opengl\x64\debug\opengl.obj
c:\users\natha\desktop\repositories\opengl\x64\debug\cube.obj
c:\users\natha\desktop\repositories\opengl\x64\debug\sphere.obj
c:\users\natha\desktop\repositories\opengl\x64\debug\mesh.obj
c:\users\natha\desktop\repositories\opengl\x64\debug\imgui_widgets.obj
c:\users\natha\desktop\repositories\opengl\x64\debug\imgui_impl_glfw.obj
c:\users\natha\desktop\repositories\opengl\x64\debug\imgui_draw.obj
c:\users\natha\desktop\repositories\opengl\x64\debug\imgui_demo.obj
c:\users\natha\desktop\repositories\opengl\x64\debug\imgui.obj
c:\users\natha\desktop\repositories\opengl\x64\debug\imgui_impl_opengl3.obj
c:\users\natha\desktop\repositories\opengl\x64\debug\imgui_tables.obj
c:\users\natha\desktop\repositories\opengl\x64\debug\game.obj
c:\users\natha\riderprojects\opengl\x64\debug\opengl.ilk
c:\users\natha\riderprojects\opengl\x64\debug\opengl.exe
c:\users\natha\riderprojects\opengl\x64\debug\opengl.pdb
c:\users\natha\desktop\repositories\opengl\x64\debug\opengl.exe
c:\users\natha\desktop\repositories\opengl\x64\debug\opengl.ilk
c:\users\natha\desktop\repositories\opengl\x64\debug\opengl.pdb
c:\users\natha\desktop\repositories\opengl\x64\debug\opengl.tlog\cl.command.1.tlog
c:\users\natha\desktop\repositories\opengl\x64\debug\opengl.tlog\cl.read.1.tlog
c:\users\natha\desktop\repositories\opengl\x64\debug\opengl.tlog\cl.write.1.tlog
c:\users\natha\desktop\repositories\opengl\x64\debug\opengl.tlog\link.command.1.tlog
c:\users\natha\desktop\repositories\opengl\x64\debug\opengl.tlog\link.read.1.tlog
c:\users\natha\desktop\repositories\opengl\x64\debug\opengl.tlog\link.write.1.tlog
